> Task :app:preBuild UP-TO-DATE
> Task :app:preDebugBuild UP-TO-DATE
> Task :app:mergeDebugNativeDebugMetadata NO-SOURCE
> Task :app:javaPreCompileDebug UP-TO-DATE
> Task :app:checkDebugAarMetadata UP-TO-DATE
> Task :app:processDebugNavigationResources
> Task :app:compileDebugNavigationResources UP-TO-DATE
> Task :app:generateDebugResValues UP-TO-DATE
> Task :app:processDebugGoogleServices UP-TO-DATE
> Task :app:mapDebugSourceSetPaths
> Task :app:generateDebugResources
> Task :app:packageDebugResources
> Task :app:createDebugCompatibleScreenManifests
> Task :app:extractDeepLinksDebug
> Task :app:mergeDebugResources
> Task :app:parseDebugLocalResources
> Task :app:processDebugMainManifest
> Task :app:processDebugManifest
> Task :app:mergeDebugShaders
> Task :app:compileDebugShaders NO-SOURCE
> Task :app:generateDebugAssets UP-TO-DATE
> Task :app:mergeDebugAssets
> Task :app:compressDebugAssets
> Task :app:processDebugJavaRes NO-SOURCE
> Task :app:desugarDebugFileDependencies
> Task :app:mergeDebugJniLibFolders
> Task :app:checkDebugDuplicateClasses
> Task :app:mergeDebugNativeLibs
> Task :app:validateSigningDebug
> Task :app:mergeDebugJavaResource
> Task :app:mergeLibDexDebug
> Task :app:writeDebugAppMetadata

> Task :app:stripDebugDebugSymbols
Unable to strip the following libraries, packaging them as they are: libdatastore_shared_counter.so. Run with --info option to learn more.

> Task :app:writeDebugSigningConfigVersions
> Task :app:processDebugManifestForPackage
> Task :app:processDebugResources
> Task :app:mergeExtDexDebug

> Task :app:compileDebugJavaWithJavac
D:\Documents\GitHub\FoodAid-MAD-Project\app\src\main\java\com\example\foodaid_mad_project\AuthFragments\CompleteProfileFragment.java:39: error: cannot find symbol
        return inflater.inflate(R.layout.fragment_complete_profile, container, false);
                                        ^
  symbol:   variable fragment_complete_profile
  location: class layout
Note: Some input files use or override a deprecated API.
Note: Recompile with -Xlint:deprecation for details.
Note: D:\Documents\GitHub\FoodAid-MAD-Project\app\src\main\java\com\example\foodaid_mad_project\AuthFragments\User.java uses unchecked or unsafe operations.
Note: Recompile with -Xlint:unchecked for details.
1 error

> Task :app:compileDebugJavaWithJavac FAILED

[Incubating] Problems report is available at: file:///D:/Documents/GitHub/FoodAid-MAD-Project/build/reports/problems/problems-report.html

FAILURE: Build failed with an exception.

* What went wrong:
Execution failed for task ':app:compileDebugJavaWithJavac'.
> Compilation failed; see the compiler output below.
  D:\Documents\GitHub\FoodAid-MAD-Project\app\src\main\java\com\example\foodaid_mad_project\AuthFragments\CompleteProfileFragment.java:39: error: cannot find symbol
          return inflater.inflate(R.layout.fragment_complete_profile, container, false);
                                          ^
    symbol:   variable fragment_complete_profile
    location: class layout
  Note: Some input files use or override a deprecated API.
  Note: Recompile with -Xlint:deprecation for details.
  Note: D:\Documents\GitHub\FoodAid-MAD-Project\app\src\main\java\com\example\foodaid_mad_project\AuthFragments\User.java uses unchecked or unsafe operations.
  Note: Recompile with -Xlint:unchecked for details.
  1 error

* Try:
> Check your code and dependencies to fix the compilation error(s)
> Run with --scan to get full insights.

BUILD FAILED in 23s
32 actionable tasks: 27 executed, 5 up-to-date
